2025-12-19 04:22:06,530 - INFO - Authenticating with Angel One...
2025-12-19 04:22:06,530 - ERROR - Authentication failed: string argument should contain only ASCII characters
2025-12-19 04:24:22,881 - INFO - Authenticating with Angel One...
2025-12-19 04:24:22,881 - ERROR - Authentication failed: Non-base32 digit found
2025-12-19 04:27:14,581 - INFO - Authenticating with Angel One...
2025-12-19 04:27:14,791 - INFO - Authentication successful!
2025-12-19 04:27:14,791 - INFO - ================================================================================
2025-12-19 04:27:14,791 - INFO - 🚀 LIVE TRADING BOT v3.2 INITIALIZED
2025-12-19 04:27:14,801 - INFO - ================================================================================
2025-12-19 04:27:14,801 - INFO - Mode: PAPER TRADING
2025-12-19 04:27:14,801 - INFO - Initial Capital: ₹100,000.00
2025-12-19 04:27:14,801 - INFO - Strategy: The Defining Order - Ironclad v3.2
2025-12-19 04:27:14,801 - INFO - ================================================================================
2025-12-19 04:27:14,801 - INFO - 
================================================================================
2025-12-19 04:27:14,801 - INFO - 🤖 BOT STARTED - Monitoring markets...
2025-12-19 04:27:14,801 - INFO - ================================================================================
2025-12-19 04:27:14,801 - INFO - Symbols: 45
2025-12-19 04:27:14,801 - INFO - Check Interval: 300s
2025-12-19 04:27:14,801 - INFO - Mode: PAPER TRADING
2025-12-19 04:27:14,801 - INFO - ================================================================================

2025-12-19 04:27:14,801 - INFO - 🌙 Market closed - waiting... (04:27:14)
2025-12-19 04:28:51,523 - INFO - Authenticating with Angel One...
2025-12-19 04:28:51,733 - INFO - Authentication successful!
2025-12-19 04:28:51,733 - INFO - ================================================================================
2025-12-19 04:28:51,733 - INFO - 🚀 LIVE TRADING BOT v3.2 INITIALIZED
2025-12-19 04:28:51,733 - INFO - ================================================================================
2025-12-19 04:28:51,733 - INFO - Mode: ⚠️ LIVE TRADING
2025-12-19 04:28:51,733 - INFO - Initial Capital: ₹100,000.00
2025-12-19 04:28:51,733 - INFO - Strategy: The Defining Order - Ironclad v3.2
2025-12-19 04:28:51,733 - INFO - ================================================================================
2025-12-19 04:28:51,733 - INFO - 
================================================================================
2025-12-19 04:28:51,733 - INFO - 🤖 BOT STARTED - Monitoring markets...
2025-12-19 04:28:51,733 - INFO - ================================================================================
2025-12-19 04:28:51,733 - INFO - Symbols: 45
2025-12-19 04:28:51,733 - INFO - Check Interval: 300s
2025-12-19 04:28:51,733 - INFO - Mode: LIVE TRADING
2025-12-19 04:28:51,733 - INFO - ================================================================================

2025-12-19 04:28:51,733 - INFO - 🌙 Market closed - waiting... (04:28:51)
2025-12-19 04:32:14,804 - INFO - 🌙 Market closed - waiting... (04:32:14)
2025-12-19 04:33:51,741 - INFO - 🌙 Market closed - waiting... (04:33:51)
2025-12-19 04:34:03,157 - INFO - Authenticating with Angel One...
2025-12-19 04:34:03,341 - INFO - Authentication successful!
2025-12-19 04:34:03,668 - INFO - ================================================================================
2025-12-19 04:34:03,668 - INFO - 🚀 LIVE TRADING BOT v3.2 INITIALIZED
2025-12-19 04:34:03,668 - INFO - ================================================================================
2025-12-19 04:34:03,668 - INFO - Mode: PAPER TRADING
2025-12-19 04:34:03,668 - INFO - Initial Capital: ₹100,000.00
2025-12-19 04:34:03,668 - INFO - Strategy: The Defining Order - Ironclad v3.2
2025-12-19 04:34:03,668 - INFO - Dashboard: Connected to Firestore
2025-12-19 04:34:03,668 - INFO - ================================================================================
2025-12-19 04:34:03,668 - INFO - 
================================================================================
2025-12-19 04:34:03,668 - INFO - 🤖 BOT STARTED - Monitoring markets...
2025-12-19 04:34:03,668 - INFO - ================================================================================
2025-12-19 04:34:03,668 - INFO - Symbols: 45
2025-12-19 04:34:03,668 - INFO - Check Interval: 300s
2025-12-19 04:34:03,668 - INFO - Mode: PAPER TRADING
2025-12-19 04:34:03,668 - INFO - ================================================================================

2025-12-19 04:34:04,958 - INFO - 🌙 Market closed - waiting... (04:34:04)
2025-12-19 04:34:40,013 - INFO - 
⚠️ Bot stopped by user
2025-12-19 04:34:40,013 - INFO - 
================================================================================
2025-12-19 04:34:40,013 - INFO - 🛑 SHUTTING DOWN BOT
2025-12-19 04:34:40,013 - INFO - ================================================================================
2025-12-19 04:34:41,591 - INFO - Dashboard updated - bot stopped
2025-12-19 04:37:14,806 - INFO - 🌙 Market closed - waiting... (04:37:14)
2025-12-19 04:38:51,742 - INFO - 🌙 Market closed - waiting... (04:38:51)
2025-12-19 04:42:14,807 - INFO - 🌙 Market closed - waiting... (04:42:14)
2025-12-19 04:43:51,743 - INFO - 🌙 Market closed - waiting... (04:43:51)
2025-12-19 04:47:14,808 - INFO - 🌙 Market closed - waiting... (04:47:14)
2025-12-19 04:48:51,745 - INFO - 🌙 Market closed - waiting... (04:48:51)
2025-12-19 04:52:14,809 - INFO - 🌙 Market closed - waiting... (04:52:14)
2025-12-19 04:53:51,746 - INFO - 🌙 Market closed - waiting... (04:53:51)
2025-12-19 04:57:14,811 - INFO - 🌙 Market closed - waiting... (04:57:14)
2025-12-19 04:58:51,749 - INFO - 🌙 Market closed - waiting... (04:58:51)
2025-12-19 05:02:14,812 - INFO - 🌙 Market closed - waiting... (05:02:14)
2025-12-19 05:03:51,752 - INFO - 🌙 Market closed - waiting... (05:03:51)
2025-12-19 05:07:14,813 - INFO - 🌙 Market closed - waiting... (05:07:14)
2025-12-19 05:08:51,754 - INFO - 🌙 Market closed - waiting... (05:08:51)
2025-12-19 05:12:14,814 - INFO - 🌙 Market closed - waiting... (05:12:14)
2025-12-19 05:13:51,754 - INFO - 🌙 Market closed - waiting... (05:13:51)
2025-12-19 05:17:14,815 - INFO - 🌙 Market closed - waiting... (05:17:14)
